I0509 09:08:50.108313    3138 replication_controller.go:220] Starting RC Manager
I0509 09:08:50.112738    3138 mesos.go:75] new mesos cloud, master='zk://192.168.33.11:2181/mesos'
I0509 09:08:50.112865    3138 nodecontroller.go:144] Sending events to api server.
E0509 09:08:50.113285    3138 controllermanager.go:169] Failed to start service controller: the cloud provider does not support external load balancers.
E0509 09:08:50.113474    3138 util.go:45] Metric for replenishment_controller already registered
E0509 09:08:50.113544    3138 util.go:45] Metric for replenishment_controller already registered
E0509 09:08:50.113552    3138 util.go:45] Metric for replenishment_controller already registered
E0509 09:08:50.113559    3138 util.go:45] Metric for replenishment_controller already registered
I0509 09:08:50.134894    3138 client.go:150] cloud master changed to '192.168.33.11:5050'
I0509 09:08:50.152053    3138 controllermanager.go:234] Starting extensions/v1beta1 apis
I0509 09:08:50.152068    3138 controllermanager.go:236] Starting horizontal pod controller.
I0509 09:08:50.152176    3138 controllermanager.go:250] Starting daemon set controller
I0509 09:08:50.152266    3138 controllermanager.go:256] Starting job controller
I0509 09:08:50.152501    3138 controllermanager.go:262] Starting deployment controller
I0509 09:08:50.152595    3138 controllermanager.go:268] Starting ReplicaSet controller
I0509 09:08:50.153335    3138 horizontal.go:125] Starting HPA Controller
I0509 09:08:50.153677    3138 controller.go:223] Starting Daemon Sets controller manager
I0509 09:08:50.158336    3138 plugins.go:291] Loaded volume plugin "kubernetes.io/host-path"
I0509 09:08:50.158370    3138 plugins.go:291] Loaded volume plugin "kubernetes.io/nfs"
I0509 09:08:50.158387    3138 plugins.go:291] Loaded volume plugin "kubernetes.io/aws-ebs"
I0509 09:08:50.158399    3138 plugins.go:291] Loaded volume plugin "kubernetes.io/gce-pd"
I0509 09:08:50.158414    3138 plugins.go:291] Loaded volume plugin "kubernetes.io/cinder"
W0509 09:08:50.159594    3138 request.go:347] Field selector: v1 - serviceaccounts - metadata.name - default: need to check if this is versioned correctly.
W0509 09:08:50.171805    3138 request.go:347] Field selector: v1 - serviceaccounts - metadata.name - default: need to check if this is versioned correctly.
W0509 09:14:34.175808    3138 request.go:347] Field selector: v1 - serviceaccounts - metadata.name - default: need to check if this is versioned correctly.
E0509 09:14:53.140806    3138 reflector.go:316] pkg/controller/gc/gc_controller.go:85: Failed to watch *api.Pod: too old resource version: 3 (10)
